<?xml version="1.0" encoding="UTF-8"?>
<!-- Generated by org.testng.reporters.JUnitXMLReporter -->
<testsuite ignored="0" hostname="MR_ACHOUR" failures="0" tests="0" name="Test" time="0.339" errors="0" timestamp="2023-02-25T01:25:45 CET">
  <testcase classname="io.cucumber.testng.AbstractTestNGCucumberTests" name="@BeforeClass setUpClass" time="0.304">
    <failure type="java.lang.IllegalArgumentException" message="path must exist: C:\Users\tbena\OneDrive\Bureau\K6\Booking_QA\src\test\resources\features\Login.feature">
      <![CDATA[java.lang.IllegalArgumentException: path must exist: C:\Users\tbena\OneDrive\Bureau\K6\Booking_QA\src\test\resources\features\Login.feature
at io.cucumber.core.resource.PathScanner.findResourcesForPath(PathScanner.java:42)
at io.cucumber.core.resource.PathScanner.findResourcesForUri(PathScanner.java:26)
at io.cucumber.core.resource.ResourceScanner.findResourcesForUri(ResourceScanner.java:109)
at io.cucumber.core.resource.ResourceScanner.scanForResourcesUri(ResourceScanner.java:86)
at io.cucumber.core.runtime.FeaturePathFeatureSupplier.loadFeatures(FeaturePathFeatureSupplier.java:61)
at io.cucumber.core.runtime.FeaturePathFeatureSupplier.get(FeaturePathFeatureSupplier.java:45)
at io.cucumber.testng.TestNGCucumberRunner.<init>(TestNGCucumberRunner.java:114)
at io.cucumber.testng.AbstractTestNGCucumberTests.setUpClass(AbstractTestNGCucumberTests.java:22)
at java.base/java.util.ArrayList.forEach(ArrayList.java:1511)
... Removed 25 stack frames]]>
    </failure>
  </testcase> <!-- @BeforeClass setUpClass -->
</testsuite> <!-- Test -->
