<?xml version="1.0" encoding="UTF-8"?>
<!-- Generated by org.testng.reporters.JUnitXMLReporter -->
<testsuite ignored="0" hostname="MR_ACHOUR" failures="3" tests="3" name="TestFirefox" time="123.082" errors="0" timestamp="2023-02-27T00:08:23 CET">
  <testcase classname="io.cucumber.testng.AbstractTestNGCucumberTests" name="runScenario" time="119.635">
    <failure type="org.openqa.selenium.WebDriverException" message="NoBrowsingContext: No BrowsingContext found
Build info: version: &amp;apos;4.1.0&amp;apos;, revision: &amp;apos;87802e897b&amp;apos;
System info: host: &amp;apos;MR_ACHOUR&amp;apos;, ip: &amp;apos;192.168.43.239&amp;apos;, os.name: &amp;apos;Windows 11&amp;apos;, os.arch: &amp;apos;amd64&amp;apos;, os.version: &amp;apos;10.0&amp;apos;, java.version: &amp;apos;17.0.4&amp;apos;
Driver info: org.openqa.selenium.firefox.FirefoxDriver
Command: [0e51da8b-aaa3-487e-a5cd-a81daa9508ad, findElements {using=css selector, value=.ae1678b153 svg}]
Capabilities {acceptInsecureCerts: true, browserName: firefox, browserVersion: 110.0, javascriptEnabled: true, moz:accessibilityChecks: false, moz:buildID: 20230214051806, moz:debuggerAddress: 127.0.0.1:65527, moz:geckodriverVersion: 0.32.2, moz:headless: false, moz:platformVersion: 10.0, moz:processID: 17704, moz:profile: C:\Users\tbena\AppData\Loca..., moz:shutdownTimeout: 60000, moz:useNonSpecCompliantPointerOrigin: false, moz:webdriverClick: true, moz:windowless: false, pageLoadStrategy: normal, platform: WINDOWS, platformName: WINDOWS, proxy: Proxy(), se:cdp: ws://127.0.0.1:65527/devtoo..., se:cdpVersion: 85, setWindowRect: true, strictFileInteractability: false, timeouts: {implicit: 0, pageLoad: 300000, script: 30000}, unhandledPromptBehavior: dismiss and notify}
Session ID: 0e51da8b-aaa3-487e-a5cd-a81daa9508ad">
      <![CDATA[org.openqa.selenium.WebDriverException: NoBrowsingContext: No BrowsingContext found
Build info: version: '4.1.0', revision: '87802e897b'
System info: host: 'MR_ACHOUR', ip: '192.168.43.239', os.name: 'Windows 11', os.arch: 'amd64', os.version: '10.0', java.version: '17.0.4'
Driver info: org.openqa.selenium.firefox.FirefoxDriver
Command: [0e51da8b-aaa3-487e-a5cd-a81daa9508ad, findElements {using=css selector, value=.ae1678b153 svg}]
Capabilities {acceptInsecureCerts: true, browserName: firefox, browserVersion: 110.0, javascriptEnabled: true, moz:accessibilityChecks: false, moz:buildID: 20230214051806, moz:debuggerAddress: 127.0.0.1:65527, moz:geckodriverVersion: 0.32.2, moz:headless: false, moz:platformVersion: 10.0, moz:processID: 17704, moz:profile: C:\Users\tbena\AppData\Loca..., moz:shutdownTimeout: 60000, moz:useNonSpecCompliantPointerOrigin: false, moz:webdriverClick: true, moz:windowless: false, pageLoadStrategy: normal, platform: WINDOWS, platformName: WINDOWS, proxy: Proxy(), se:cdp: ws://127.0.0.1:65527/devtoo..., se:cdpVersion: 85, setWindowRect: true, strictFileInteractability: false, timeouts: {implicit: 0, pageLoad: 300000, script: 30000}, unhandledPromptBehavior: dismiss and notify}
Session ID: 0e51da8b-aaa3-487e-a5cd-a81daa9508ad
at org.openqa.selenium.remote.codec.w3c.W3CHttpResponseCodec.createException(W3CHttpResponseCodec.java:200)
at org.openqa.selenium.remote.codec.w3c.W3CHttpResponseCodec.decode(W3CHttpResponseCodec.java:133)
at org.openqa.selenium.remote.codec.w3c.W3CHttpResponseCodec.decode(W3CHttpResponseCodec.java:53)
at org.openqa.selenium.remote.HttpCommandExecutor.execute(HttpCommandExecutor.java:184)
at org.openqa.selenium.remote.service.DriverCommandExecutor.invokeExecute(DriverCommandExecutor.java:164)
at org.openqa.selenium.remote.service.DriverCommandExecutor.execute(DriverCommandExecutor.java:139)
at org.openqa.selenium.remote.RemoteWebDriver.execute(RemoteWebDriver.java:559)
at org.openqa.selenium.remote.ElementLocation$ElementFinder$2.findElements(ElementLocation.java:179)
at org.openqa.selenium.remote.ElementLocation.findElements(ElementLocation.java:102)
at org.openqa.selenium.remote.RemoteWebDriver.findElements(RemoteWebDriver.java:398)
at org.openqa.selenium.remote.RemoteWebDriver.findElements(RemoteWebDriver.java:390)
at PagesObjects.homePage.searchGeniusModalButton(homePage.java:38)
at stepdefinitions.accountCreationSteps.i_am_on_the_login_page(accountCreationSteps.java:54)
at ✽.I am on the login page(file:///C:/Users/tbena/OneDrive/Bureau/K6/Booking_QA/src/test/java/features/TestBookFirstDisplayedHotel.feature:5)
... Removed 5 stack frames]]>
    </failure>
  </testcase> <!-- runScenario -->
  <testcase classname="io.cucumber.testng.AbstractTestNGCucumberTests" name="runScenario" time="119.639">
    <failure type="org.openqa.selenium.WebDriverException" message="TypeError: browsingContext.currentWindowGlobal is null
Build info: version: &amp;apos;4.1.0&amp;apos;, revision: &amp;apos;87802e897b&amp;apos;
System info: host: &amp;apos;MR_ACHOUR&amp;apos;, ip: &amp;apos;192.168.43.239&amp;apos;, os.name: &amp;apos;Windows 11&amp;apos;, os.arch: &amp;apos;amd64&amp;apos;, os.version: &amp;apos;10.0&amp;apos;, java.version: &amp;apos;17.0.4&amp;apos;
Driver info: org.openqa.selenium.firefox.FirefoxDriver
Command: [3f27b2f5-34de-4f9b-98bf-902aad94d791, findElements {using=css selector, value=.ae1678b153 svg}]
Capabilities {acceptInsecureCerts: true, browserName: firefox, browserVersion: 110.0, javascriptEnabled: true, moz:accessibilityChecks: false, moz:buildID: 20230214051806, moz:debuggerAddress: 127.0.0.1:62967, moz:geckodriverVersion: 0.32.2, moz:headless: false, moz:platformVersion: 10.0, moz:processID: 15712, moz:profile: C:\Users\tbena\AppData\Loca..., moz:shutdownTimeout: 60000, moz:useNonSpecCompliantPointerOrigin: false, moz:webdriverClick: true, moz:windowless: false, pageLoadStrategy: normal, platform: WINDOWS, platformName: WINDOWS, proxy: Proxy(), se:cdp: ws://127.0.0.1:62967/devtoo..., se:cdpVersion: 85, setWindowRect: true, strictFileInteractability: false, timeouts: {implicit: 0, pageLoad: 300000, script: 30000}, unhandledPromptBehavior: dismiss and notify}
Session ID: 3f27b2f5-34de-4f9b-98bf-902aad94d791">
      <![CDATA[org.openqa.selenium.WebDriverException: TypeError: browsingContext.currentWindowGlobal is null
Build info: version: '4.1.0', revision: '87802e897b'
System info: host: 'MR_ACHOUR', ip: '192.168.43.239', os.name: 'Windows 11', os.arch: 'amd64', os.version: '10.0', java.version: '17.0.4'
Driver info: org.openqa.selenium.firefox.FirefoxDriver
Command: [3f27b2f5-34de-4f9b-98bf-902aad94d791, findElements {using=css selector, value=.ae1678b153 svg}]
Capabilities {acceptInsecureCerts: true, browserName: firefox, browserVersion: 110.0, javascriptEnabled: true, moz:accessibilityChecks: false, moz:buildID: 20230214051806, moz:debuggerAddress: 127.0.0.1:62967, moz:geckodriverVersion: 0.32.2, moz:headless: false, moz:platformVersion: 10.0, moz:processID: 15712, moz:profile: C:\Users\tbena\AppData\Loca..., moz:shutdownTimeout: 60000, moz:useNonSpecCompliantPointerOrigin: false, moz:webdriverClick: true, moz:windowless: false, pageLoadStrategy: normal, platform: WINDOWS, platformName: WINDOWS, proxy: Proxy(), se:cdp: ws://127.0.0.1:62967/devtoo..., se:cdpVersion: 85, setWindowRect: true, strictFileInteractability: false, timeouts: {implicit: 0, pageLoad: 300000, script: 30000}, unhandledPromptBehavior: dismiss and notify}
Session ID: 3f27b2f5-34de-4f9b-98bf-902aad94d791
at org.openqa.selenium.remote.codec.w3c.W3CHttpResponseCodec.createException(W3CHttpResponseCodec.java:200)
at org.openqa.selenium.remote.codec.w3c.W3CHttpResponseCodec.decode(W3CHttpResponseCodec.java:133)
at org.openqa.selenium.remote.codec.w3c.W3CHttpResponseCodec.decode(W3CHttpResponseCodec.java:53)
at org.openqa.selenium.remote.HttpCommandExecutor.execute(HttpCommandExecutor.java:184)
at org.openqa.selenium.remote.service.DriverCommandExecutor.invokeExecute(DriverCommandExecutor.java:164)
at org.openqa.selenium.remote.service.DriverCommandExecutor.execute(DriverCommandExecutor.java:139)
at org.openqa.selenium.remote.RemoteWebDriver.execute(RemoteWebDriver.java:559)
at org.openqa.selenium.remote.ElementLocation$ElementFinder$2.findElements(ElementLocation.java:179)
at org.openqa.selenium.remote.ElementLocation.findElements(ElementLocation.java:102)
at org.openqa.selenium.remote.RemoteWebDriver.findElements(RemoteWebDriver.java:398)
at org.openqa.selenium.remote.RemoteWebDriver.findElements(RemoteWebDriver.java:390)
at PagesObjects.homePage.searchGeniusModalButton(homePage.java:38)
at stepdefinitions.accountCreationSteps.i_am_on_the_login_page(accountCreationSteps.java:54)
at ✽.I am on the login page(file:///C:/Users/tbena/OneDrive/Bureau/K6/Booking_QA/src/test/java/features/TestAccountCreation.feature:5)
... Removed 5 stack frames]]>
    </failure>
  </testcase> <!-- runScenario -->
  <testcase classname="io.cucumber.testng.AbstractTestNGCucumberTests" name="runScenario" time="123.062">
    <failure type="org.openqa.selenium.WebDriverException" message="TypeError: browsingContext.currentWindowGlobal is null
Build info: version: &amp;apos;4.1.0&amp;apos;, revision: &amp;apos;87802e897b&amp;apos;
System info: host: &amp;apos;MR_ACHOUR&amp;apos;, ip: &amp;apos;192.168.43.239&amp;apos;, os.name: &amp;apos;Windows 11&amp;apos;, os.arch: &amp;apos;amd64&amp;apos;, os.version: &amp;apos;10.0&amp;apos;, java.version: &amp;apos;17.0.4&amp;apos;
Driver info: org.openqa.selenium.firefox.FirefoxDriver
Command: [1cd86d10-b474-4b5c-b676-6efd20287d92, findElements {using=css selector, value=.ae1678b153 svg}]
Capabilities {acceptInsecureCerts: true, browserName: firefox, browserVersion: 110.0, javascriptEnabled: true, moz:accessibilityChecks: false, moz:buildID: 20230214051806, moz:debuggerAddress: 127.0.0.1:50821, moz:geckodriverVersion: 0.32.2, moz:headless: false, moz:platformVersion: 10.0, moz:processID: 18408, moz:profile: C:\Users\tbena\AppData\Loca..., moz:shutdownTimeout: 60000, moz:useNonSpecCompliantPointerOrigin: false, moz:webdriverClick: true, moz:windowless: false, pageLoadStrategy: normal, platform: WINDOWS, platformName: WINDOWS, proxy: Proxy(), se:cdp: ws://127.0.0.1:50821/devtoo..., se:cdpVersion: 85, setWindowRect: true, strictFileInteractability: false, timeouts: {implicit: 0, pageLoad: 300000, script: 30000}, unhandledPromptBehavior: dismiss and notify}
Session ID: 1cd86d10-b474-4b5c-b676-6efd20287d92">
      <![CDATA[org.openqa.selenium.WebDriverException: TypeError: browsingContext.currentWindowGlobal is null
Build info: version: '4.1.0', revision: '87802e897b'
System info: host: 'MR_ACHOUR', ip: '192.168.43.239', os.name: 'Windows 11', os.arch: 'amd64', os.version: '10.0', java.version: '17.0.4'
Driver info: org.openqa.selenium.firefox.FirefoxDriver
Command: [1cd86d10-b474-4b5c-b676-6efd20287d92, findElements {using=css selector, value=.ae1678b153 svg}]
Capabilities {acceptInsecureCerts: true, browserName: firefox, browserVersion: 110.0, javascriptEnabled: true, moz:accessibilityChecks: false, moz:buildID: 20230214051806, moz:debuggerAddress: 127.0.0.1:50821, moz:geckodriverVersion: 0.32.2, moz:headless: false, moz:platformVersion: 10.0, moz:processID: 18408, moz:profile: C:\Users\tbena\AppData\Loca..., moz:shutdownTimeout: 60000, moz:useNonSpecCompliantPointerOrigin: false, moz:webdriverClick: true, moz:windowless: false, pageLoadStrategy: normal, platform: WINDOWS, platformName: WINDOWS, proxy: Proxy(), se:cdp: ws://127.0.0.1:50821/devtoo..., se:cdpVersion: 85, setWindowRect: true, strictFileInteractability: false, timeouts: {implicit: 0, pageLoad: 300000, script: 30000}, unhandledPromptBehavior: dismiss and notify}
Session ID: 1cd86d10-b474-4b5c-b676-6efd20287d92
at org.openqa.selenium.remote.codec.w3c.W3CHttpResponseCodec.createException(W3CHttpResponseCodec.java:200)
at org.openqa.selenium.remote.codec.w3c.W3CHttpResponseCodec.decode(W3CHttpResponseCodec.java:133)
at org.openqa.selenium.remote.codec.w3c.W3CHttpResponseCodec.decode(W3CHttpResponseCodec.java:53)
at org.openqa.selenium.remote.HttpCommandExecutor.execute(HttpCommandExecutor.java:184)
at org.openqa.selenium.remote.service.DriverCommandExecutor.invokeExecute(DriverCommandExecutor.java:164)
at org.openqa.selenium.remote.service.DriverCommandExecutor.execute(DriverCommandExecutor.java:139)
at org.openqa.selenium.remote.RemoteWebDriver.execute(RemoteWebDriver.java:559)
at org.openqa.selenium.remote.ElementLocation$ElementFinder$2.findElements(ElementLocation.java:179)
at org.openqa.selenium.remote.ElementLocation.findElements(ElementLocation.java:102)
at org.openqa.selenium.remote.RemoteWebDriver.findElements(RemoteWebDriver.java:398)
at org.openqa.selenium.remote.RemoteWebDriver.findElements(RemoteWebDriver.java:390)
at PagesObjects.homePage.searchGeniusModalButton(homePage.java:38)
at stepdefinitions.accountCreationSteps.i_am_on_the_login_page(accountCreationSteps.java:54)
at ✽.I am on the login page(file:///C:/Users/tbena/OneDrive/Bureau/K6/Booking_QA/src/test/java/features/TestBookCheapestHotel.feature:5)
... Removed 5 stack frames]]>
    </failure>
  </testcase> <!-- runScenario -->
</testsuite> <!-- TestFirefox -->
